# JRE version: Java(TM) SE Runtime Environment (21.0.2+13) (build 21.0.2+13-LTS-58)
# Java VM: Java HotSpot(TM) 64-Bit Server VM (21.0.2+13-LTS-58, mixed mode, sharing, tiered, compressed oops, compressed class ptrs, g1 gc, windows-amd64)
GC Precious Log:
 CardTable entry size: 512
 Card Set container configuration: InlinePtr #cards 5 size 8 Array Of Cards #cards 12 size 40 Howl #buckets 4 coarsen threshold 1843 Howl Bitmap #cards 512 size 80 coarsen threshold 460 Card regions per heap region 1 cards per card region 2048
 CPUs: 8 total, 8 available
 Memory: 8029M
 Large Page Support: Disabled
 NUMA Support: Disabled
 Compressed Oops: Enabled (32-bit)
 Heap Region Size: 1M
 Heap Min Capacity: 8M
 Heap Initial Capacity: 126M
 Heap Max Capacity: 2008M
 Pre-touch: Disabled
 Parallel Workers: 8
 Concurrent Workers: 2
 Concurrent Refinement Workers: 8
 Periodic GC: Disabled
Heap:
 garbage-first heap   total 96256K, used 28640K [0x0000000082800000, 0x0000000100000000)
  region size 1024K, 7 young (7168K), 4 survivors (4096K)
 Metaspace       used 21577K, committed 21888K, reserved 1114112K
  class space    used 2358K, committed 2496K, reserved 1048576K
GC Heap History (12 events):
Event: 0.459 GC heap before
{Heap before GC invocations=0 (full 0):
 garbage-first heap   total 129024K, used 22528K [0x0000000082800000, 0x0000000100000000)
  region size 1024K, 23 young (23552K), 0 survivors (0K)
 Metaspace       used 5801K, committed 6016K, reserved 1114112K
  class space    used 669K, committed 768K, reserved 1048576K
}
Event: 0.463 GC heap after
{Heap after GC invocations=1 (full 0):
 garbage-first heap   total 129024K, used 3881K [0x0000000082800000, 0x0000000100000000)
  region size 1024K, 3 young (3072K), 3 survivors (3072K)
 Metaspace       used 5801K, committed 6016K, reserved 1114112K
  class space    used 669K, committed 768K, reserved 1048576K
}
Event: 0.929 GC heap before
{Heap before GC invocations=1 (full 0):
 garbage-first heap   total 129024K, used 35625K [0x0000000082800000, 0x0000000100000000)
  region size 1024K, 34 young (34816K), 3 survivors (3072K)
 Metaspace       used 10593K, committed 10752K, reserved 1114112K
  class space    used 1262K, committed 1344K, reserved 1048576K
}
Event: 0.934 GC heap after
{Heap after GC invocations=2 (full 0):
 garbage-first heap   total 129024K, used 6102K [0x0000000082800000, 0x0000000100000000)
  region size 1024K, 3 young (3072K), 3 survivors (3072K)
 Metaspace       used 10593K, committed 10752K, reserved 1114112K
  class space    used 1262K, committed 1344K, reserved 1048576K
}
Event: 2.030 GC heap before
{Heap before GC invocations=2 (full 0):
 garbage-first heap   total 129024K, used 79830K [0x0000000082800000, 0x0000000100000000)
  region size 1024K, 75 young (76800K), 3 survivors (3072K)
 Metaspace       used 16145K, committed 16448K, reserved 1114112K
  class space    used 1857K, committed 1984K, reserved 1048576K
}
Event: 2.039 GC heap after
{Heap after GC invocations=3 (full 0):
 garbage-first heap   total 129024K, used 14474K [0x0000000082800000, 0x0000000100000000)
  region size 1024K, 10 young (10240K), 10 survivors (10240K)
 Metaspace       used 16145K, committed 16448K, reserved 1114112K
  class space    used 1857K, committed 1984K, reserved 1048576K
}
Event: 2.499 GC heap before
{Heap before GC invocations=3 (full 0):
 garbage-first heap   total 129024K, used 81034K [0x0000000082800000, 0x0000000100000000)
  region size 1024K, 75 young (76800K), 10 survivors (10240K)
 Metaspace       used 16813K, committed 17088K, reserved 1114112K
  class space    used 1876K, committed 1984K, reserved 1048576K
}
Event: 2.510 GC heap after
{Heap after GC invocations=4 (full 0):
 garbage-first heap   total 129024K, used 22414K [0x0000000082800000, 0x0000000100000000)
  region size 1024K, 8 young (8192K), 8 survivors (8192K)
 Metaspace       used 16813K, committed 17088K, reserved 1114112K
  class space    used 1876K, committed 1984K, reserved 1048576K
}
Event: 2.602 GC heap before
{Heap before GC invocations=4 (full 0):
 garbage-first heap   total 129024K, used 69518K [0x0000000082800000, 0x0000000100000000)
  region size 1024K, 15 young (15360K), 8 survivors (8192K)
 Metaspace       used 17643K, committed 17856K, reserved 1114112K
  class space    used 1975K, committed 2048K, reserved 1048576K
}
Event: 2.607 GC heap after
{Heap after GC invocations=5 (full 0):
 garbage-first heap   total 129024K, used 31712K [0x0000000082800000, 0x0000000100000000)
  region size 1024K, 1 young (1024K), 1 survivors (1024K)
 Metaspace       used 17643K, committed 17856K, reserved 1114112K
  class space    used 1975K, committed 2048K, reserved 1048576K
}
Event: 3.258 GC heap before
{Heap before GC invocations=5 (full 0):
 garbage-first heap   total 129024K, used 109536K [0x0000000082800000, 0x0000000100000000)
  region size 1024K, 54 young (55296K), 1 survivors (1024K)
 Metaspace       used 21198K, committed 21504K, reserved 1114112K
  class space    used 2301K, committed 2432K, reserved 1048576K
}
Event: 3.262 GC heap after
{Heap after GC invocations=6 (full 0):
 garbage-first heap   total 129024K, used 26592K [0x0000000082800000, 0x0000000100000000)
  region size 1024K, 4 young (4096K), 4 survivors (4096K)
 Metaspace       used 21198K, committed 21504K, reserved 1114112K
  class space    used 2301K, committed 2432K, reserved 1048576K
}

